INFO: 2023/06/02 13:24:50 Start server ...
INFO: 2023/06/02 13:24:50 Start Router
INFO: 2023/06/02 13:24:59 RABBITMQ: Succesful connected...
INFO: 2023/06/02 13:24:59 RABBITMQ: Successfully Publishing message
ERROR: 2023/06/02 13:24:59  couldn't declare add queue : %!s(<nil>)
ERROR: 2023/06/02 13:24:59  Publish error : %!s(<nil>)
INFO: 2023/06/02 13:30:09 Start server ...
INFO: 2023/06/02 13:30:09 Start Router
INFO: 2023/06/02 13:30:16 Config api start..
INFO: 2023/06/02 13:30:16 Writing redis
INFO: 2023/06/02 13:30:16 fdsfsf
2023/06/02 13:30:16 Config.go:18: write redis
2023/06/02 13:30:16 Config.go:42: Successful
INFO: 2023/06/02 13:46:03 Start server ...
INFO: 2023/06/02 13:46:03 Start Router
INFO: 2023/06/02 13:46:13 Config api start..
INFO: 2023/06/02 13:46:13 Writing redis
INFO: 2023/06/02 13:46:13 write redis
INFO: 2023/06/02 13:46:13 Successful...
INFO: 2023/06/02 13:46:13 Redis client closed successfully
INFO: 2023/06/02 13:56:20 Start server ...
INFO: 2023/06/02 13:56:20 Start Router
INFO: 2023/06/02 13:56:27 Config api start..
INFO: 2023/06/02 13:56:27 Writing redis
INFO: 2023/06/02 13:56:27 set redis...
INFO: 2023/06/02 13:56:27 Successful...
INFO: 2023/06/02 13:56:27 Redis client closed successfully
INFO: 2023/06/02 13:56:27 get redis...
INFO: 2023/06/02 14:05:13 Start server ...
INFO: 2023/06/02 14:05:13 Start Router
INFO: 2023/06/02 14:05:32 Config api start..
INFO: 2023/06/02 14:05:32 Writing redis
INFO: 2023/06/02 14:05:32 set redis...
INFO: 2023/06/02 14:05:32 Successful...
INFO: 2023/06/02 14:05:32 Redis client closed successfully
INFO: 2023/06/02 14:05:32 get redis...
INFO: 2023/06/02 16:42:58 Redis server response: PONG
INFO: 2023/06/02 16:43:06 Redis server response: PONG
INFO: 2023/06/02 17:06:29 Start server ...
INFO: 2023/06/02 17:06:29 Start Router
INFO: 2023/06/02 17:07:36 Config api start..
INFO: 2023/06/02 17:07:36 Writing redis
INFO: 2023/06/02 17:07:36 set redis...
INFO: 2023/06/02 17:07:36 Redis server response: PONG
INFO: 2023/06/02 17:07:36 Successful...
INFO: 2023/06/02 17:07:36 Redis client closed successfully
INFO: 2023/06/02 17:07:36 get redis...
INFO: 2023/06/02 17:07:36 Redis server response: PONG
INFO: 2023/06/02 17:07:36 Redis client closed successfully
INFO: 2023/06/02 17:07:50 Config api start..
INFO: 2023/06/02 17:07:50 Writing redis
INFO: 2023/06/02 17:07:50 set redis...
INFO: 2023/06/02 17:07:50 Redis server response: PONG
INFO: 2023/06/02 17:07:50 Successful...
INFO: 2023/06/02 17:07:50 Redis client closed successfully
INFO: 2023/06/02 17:07:50 get redis...
INFO: 2023/06/02 17:07:50 Redis server response: PONG
INFO: 2023/06/02 17:07:50 Redis client closed successfully
INFO: 2023/06/02 17:16:37 Start server ...
INFO: 2023/06/02 17:16:37 Start Router
INFO: 2023/06/02 17:17:19 Start server ...
INFO: 2023/06/02 17:17:19 Start Router
INFO: 2023/06/02 17:17:33 Config api start..
INFO: 2023/06/02 17:17:33 get redis...
INFO: 2023/06/02 17:17:33 Redis server response: PONG
INFO: 2023/06/02 17:17:33 Redis client closed successfully
2023/06/02 17:17:33 server.go:3217: http: superfluous response.WriteHeader call from github.com/Temctl/E-Notification/inputWorker/controller.ConfigGet (Config.go:141)
INFO: 2023/06/02 17:17:39 Config api start..
INFO: 2023/06/02 17:17:39 get redis...
INFO: 2023/06/02 17:17:39 Redis server response: PONG
INFO: 2023/06/02 17:17:39 Redis client closed successfully
2023/06/02 17:17:39 server.go:3217: http: superfluous response.WriteHeader call from github.com/Temctl/E-Notification/inputWorker/controller.ConfigGet (Config.go:141)
INFO: 2023/06/02 17:19:35 Start server ...
INFO: 2023/06/02 17:19:35 Start Router
INFO: 2023/06/02 17:19:45 Config api start..
INFO: 2023/06/02 17:19:45 get redis...
INFO: 2023/06/02 17:19:45 Redis server response: PONG
INFO: 2023/06/02 17:19:45 Redis client closed successfully
INFO: 2023/06/02 17:20:09 Config api start..
INFO: 2023/06/02 17:20:09 get redis...
INFO: 2023/06/02 17:20:09 Redis server response: PONG
INFO: 2023/06/02 17:20:09 Redis client closed successfully
INFO: 2023/06/02 17:25:28 Log.go:86: Start server ...
INFO: 2023/06/02 17:25:28 Log.go:86: Start Router ...
INFO: 2023/06/02 17:25:35 Log.go:86: Config api start..
INFO: 2023/06/02 17:25:35 Log.go:86: get redis...
INFO: 2023/06/02 17:25:35 Log.go:86: Redis server response: PONG
INFO: 2023/06/02 17:25:35 Log.go:86: Redis client closed successfully
INFO: 2023/06/02 17:25:39 Log.go:86: Config api start..
INFO: 2023/06/02 17:25:39 Log.go:86: get redis...
INFO: 2023/06/02 17:25:39 Log.go:86: Redis server response: PONG
INFO: 2023/06/02 17:25:39 Log.go:86: Redis client closed successfully
INFO: 2023/06/02 17:31:08 Log.go:86: Start server ...
2023/06/02 17:31:08 main.go:37: Fsdfsdf
INFO: 2023/06/02 17:31:08 Log.go:86: Start Router ...
INFO: 2023/06/05 09:28:29 main.go:36: Start server ...
2023/06/05 09:28:29 main.go:37: Fsdfsdf
INFO: 2023/06/05 09:28:29 main.go:17: Start Router ...
INFO: 2023/06/05 09:28:54 Config.go:127: Config api start..
INFO: 2023/06/05 09:28:54 Config.go:61: get redis...
INFO: 2023/06/05 09:28:54 Redis.go:41: Redis server response: PONG
INFO: 2023/06/05 09:28:54 Config.go:91: Redis client closed successfully
INFO: 2023/06/05 09:28:58 Config.go:101: Config api start..
INFO: 2023/06/05 09:28:58 Config.go:115: Writing redis
INFO: 2023/06/05 09:28:58 Config.go:20: set redis...
INFO: 2023/06/05 09:28:58 Redis.go:41: Redis server response: PONG
INFO: 2023/06/05 09:28:58 Config.go:40: Successful...
INFO: 2023/06/05 09:28:58 Config.go:52: Redis client closed successfully
INFO: 2023/06/05 09:30:44 main.go:36: Start server ...
2023/06/05 09:30:44 main.go:37: Fsdfsdf
INFO: 2023/06/05 09:30:44 main.go:17: Start Router ...
INFO: 2023/06/05 09:30:49 Config.go:102: Config api start..
INFO: 2023/06/05 09:30:49 Config.go:116: Writing redis
INFO: 2023/06/05 09:30:49 Config.go:20: set redis...
WARNING: 2023/06/05 09:30:49 Config.go:21: Set redus
INFO: 2023/06/05 09:30:49 Redis.go:41: Redis server response: PONG
INFO: 2023/06/05 09:30:49 Config.go:41: Successful...
INFO: 2023/06/05 09:30:49 Config.go:53: Redis client closed successfully
INFO: 2023/06/12 09:15:38 main.go:40: Start server ...
2023/06/12 09:15:38 main.go:41: Fsdfsdf
INFO: 2023/06/12 09:15:38 main.go:18: Start Router ...
INFO: 2023/06/12 09:21:53 main.go:40: Start server ...
2023/06/12 09:21:53 main.go:41: Fsdfsdf
INFO: 2023/06/12 09:21:53 main.go:18: Start Router ...
INFO: 2023/06/12 09:27:30 main.go:40: Start server ...
2023/06/12 09:27:30 main.go:41: Fsdfsdf
INFO: 2023/06/12 09:27:30 main.go:18: Start Router ...
INFO: 2023/06/12 09:33:48 Config.go:131: Config api start..
INFO: 2023/06/12 09:33:48 Config.go:61: get redis...
INFO: 2023/06/12 09:33:57 Redis.go:38: Failed to ping Redis server: dial tcp [::1]:6379: connectex: No connection could be made because the target machine actively refused it.
INFO: 2023/06/12 09:37:16 Config.go:131: Config api start..
INFO: 2023/06/12 09:37:16 Config.go:61: get redis...
INFO: 2023/06/12 09:37:16 Redis.go:41: Redis server response: PONG
INFO: 2023/06/12 09:37:16 Config.go:91: Redis client closed successfully
INFO: 2023/06/12 09:37:38 main.go:40: Start server ...
2023/06/12 09:37:38 main.go:41: Fsdfsdf
INFO: 2023/06/12 09:37:38 main.go:18: Start Router ...
INFO: 2023/06/12 09:38:08 Config.go:131: Config api start..
INFO: 2023/06/12 09:38:08 Config.go:61: get redis...
INFO: 2023/06/12 09:38:08 Redis.go:41: Redis server response: PONG
INFO: 2023/06/12 09:38:08 Config.go:91: Redis client closed successfully
INFO: 2023/06/12 09:38:26 Config.go:131: Config api start..
INFO: 2023/06/12 09:38:26 Config.go:61: get redis...
INFO: 2023/06/12 09:38:26 Redis.go:41: Redis server response: PONG
INFO: 2023/06/12 09:38:26 Config.go:91: Redis client closed successfully
INFO: 2023/06/12 09:54:46 main.go:40: Start server ...
2023/06/12 09:54:46 main.go:41: Fsdfsdf
INFO: 2023/06/12 09:54:46 main.go:18: Start Router ...
INFO: 2023/06/12 09:55:12 Config.go:131: Config api start..
INFO: 2023/06/12 09:55:12 Config.go:61: get redis...
INFO: 2023/06/12 09:55:12 Redis.go:41: Redis server response: PONG
INFO: 2023/06/12 09:55:12 Config.go:91: Redis client closed successfully
INFO: 2023/06/12 09:55:20 Config.go:131: Config api start..
INFO: 2023/06/12 09:55:20 Config.go:61: get redis...
INFO: 2023/06/12 09:55:20 Redis.go:41: Redis server response: PONG
INFO: 2023/06/12 09:55:20 Config.go:91: Redis client closed successfully
INFO: 2023/06/12 10:02:18 main.go:40: Start server ...
2023/06/12 10:02:18 main.go:41: Fsdfsdf
INFO: 2023/06/12 10:02:18 main.go:18: Start Router ...
INFO: 2023/06/12 10:02:24 Config.go:131: Config api start..
INFO: 2023/06/12 10:02:24 Config.go:61: get redis...
INFO: 2023/06/12 10:02:24 Redis.go:41: Redis server response: PONG
INFO: 2023/06/12 10:02:24 Config.go:91: Redis client closed successfully
INFO: 2023/06/12 10:02:31 Config.go:131: Config api start..
INFO: 2023/06/12 10:02:31 Config.go:61: get redis...
INFO: 2023/06/12 10:02:31 Redis.go:41: Redis server response: PONG
INFO: 2023/06/12 10:02:31 Config.go:91: Redis client closed successfully
INFO: 2023/06/12 10:08:36 main.go:40: Start server ...
2023/06/12 10:08:36 main.go:41: Fsdfsdf
INFO: 2023/06/12 10:08:36 main.go:18: Start Router ...
INFO: 2023/06/12 10:09:12 Config.go:131: Config api start..
INFO: 2023/06/12 10:09:12 Config.go:61: get redis...
INFO: 2023/06/12 10:09:12 Redis.go:41: Redis server response: PONG
INFO: 2023/06/12 10:09:12 Config.go:91: Redis client closed successfully
INFO: 2023/06/12 10:09:18 Config.go:103: Config api start..
INFO: 2023/06/12 10:09:18 Config.go:117: Writing redis
INFO: 2023/06/12 10:09:18 Config.go:20: set redis...
INFO: 2023/06/12 10:09:18 Redis.go:41: Redis server response: PONG
INFO: 2023/06/12 10:09:18 Config.go:40: Successful...
INFO: 2023/06/12 10:09:18 Config.go:52: Redis client closed successfully
INFO: 2023/06/12 11:20:45 main.go:41: Start server ...
2023/06/12 11:20:45 main.go:42: Fsdfsdf
INFO: 2023/06/12 11:20:45 main.go:18: Start Router ...
INFO: 2023/06/12 11:22:05 main.go:41: Start server ...
2023/06/12 11:22:05 main.go:42: Fsdfsdf
INFO: 2023/06/12 11:22:05 main.go:18: Start Router ...
INFO: 2023/06/12 11:22:26 main.go:41: Start server ...
2023/06/12 11:22:26 main.go:42: Fsdfsdf
INFO: 2023/06/12 11:22:26 main.go:18: Start Router ...
INFO: 2023/06/12 13:37:31 main.go:41: Start server ...
INFO: 2023/06/12 13:37:31 main.go:17: Start Router ...
INFO: 2023/06/12 13:44:44 main.go:41: Start server ...
INFO: 2023/06/12 13:44:44 main.go:17: Start Router ...
INFO: 2023/06/12 13:46:56 main.go:41: Start server ...
INFO: 2023/06/12 13:46:56 main.go:17: Start Router ...
2023/06/12 13:47:25 server.go:3217: http: superfluous response.WriteHeader call from github.com/Temctl/E-Notification/inputWorker/auth.handleLogin (Authentication.go:125)
INFO: 2023/06/12 13:48:07 main.go:41: Start server ...
INFO: 2023/06/12 13:48:07 main.go:17: Start Router ...
2023/06/12 13:48:24 server.go:3217: http: superfluous response.WriteHeader call from github.com/Temctl/E-Notification/inputWorker/auth.handleLogin (Authentication.go:125)
INFO: 2023/06/12 13:52:23 main.go:41: Start server ...
INFO: 2023/06/12 13:52:23 main.go:17: Start Router ...
INFO: 2023/06/12 13:59:27 main.go:41: Start server ...
INFO: 2023/06/12 13:59:27 main.go:17: Start Router ...
INFO: 2023/06/12 14:00:16 Config.go:131: Config api start..
WARNING: 2023/06/12 14:00:16 Config.go:137: Medeelel alga...
INFO: 2023/06/12 14:00:16 Config.go:61: get redis...
INFO: 2023/06/12 14:00:16 Redis.go:41: Redis server response: PONG
ERROR: 2023/06/12 14:00:16 Config.go:78: redis client get data:  redis: nil
INFO: 2023/06/12 14:00:28 Config.go:131: Config api start..
WARNING: 2023/06/12 14:00:28 Config.go:137: Medeelel alga...
INFO: 2023/06/12 14:00:28 Config.go:61: get redis...
INFO: 2023/06/12 14:00:28 Redis.go:41: Redis server response: PONG
ERROR: 2023/06/12 14:00:28 Config.go:78: redis client get data:  redis: nil
INFO: 2023/06/12 14:02:44 main.go:41: Start server ...
INFO: 2023/06/12 14:02:44 main.go:17: Start Router ...
INFO: 2023/06/12 16:21:44 main.go:41: Start server ...
INFO: 2023/06/12 16:21:44 main.go:17: Start Router ...
INFO: 2023/06/12 16:26:23 Config.go:103: Config api start..
